Using pre-set license
Built from '2020.3/release' branch; Version is '2020.3.12f1 (b3b2c6512326) revision 11776710'; Using compiler version '192528614'; Build Type 'Release'
OS: 'Windows 10 Home; OS build 19043.1110; Version 2009; 64bit' Language: 'en' Physical Memory: 32703 MB
BatchMode: 1, IsHumanControllingUs: 0, StartBugReporterOnCrash: 0, Is64bit: 1, IsPro: 0

 COMMAND LINE ARGUMENTS:
C:\Program Files\2020.3.12f1\Editor\Unity.exe
-adb2
-batchMode
-noUpm
-name
AssetImportWorker0
-projectPath
C:/Users/Michael Zuley/SamplePerception
-logFile
Logs/AssetImportWorker0.log
-srvPort
51306
Successfully changed project path to: C:/Users/Michael Zuley/SamplePerception
C:/Users/Michael Zuley/SamplePerception
Using Asset Import Pipeline V2.
Refreshing native plugins compatible for Editor in 182.43 ms, found 5 plugins.
Preloading 0 native plugins for Editor in 0.00 ms.
Initialize engine version: 2020.3.12f1 (b3b2c6512326)
[Subsystems] Discovering subsystems at path C:/Program Files/2020.3.12f1/Editor/Data/Resources/UnitySubsystems
[Subsystems] Discovering subsystems at path C:/Users/Michael Zuley/SamplePerception/Assets
GfxDevice: creating device client; threaded=0
Direct3D:
    Version:  Direct3D 11.0 [level 11.1]
    Renderer: NVIDIA GeForce GTX 1070 (ID=0x1be1)
    Vendor:   
    VRAM:     8081 MB
    Driver:   27.21.14.6647
Initialize mono
Mono path[0] = 'C:/Program Files/2020.3.12f1/Editor/Data/Managed'
Mono path[1] = 'C:/Program Files/2020.3.12f1/Editor/Data/MonoBleedingEdge/lib/mono/unityjit'
Mono config path = 'C:/Program Files/2020.3.12f1/Editor/Data/MonoBleedingEdge/etc'
Using monoOptions --debugger-agent=transport=dt_socket,embedding=1,server=y,suspend=n,address=127.0.0.1:56088
Begin MonoManager ReloadAssembly
Registering precompiled unity dll's ...
Register platform support module: C:/Program Files/2020.3.12f1/Editor/Data/PlaybackEngines/WindowsStandaloneSupport/UnityEditor.WindowsStandalone.Extensions.dll
Register platform support module: C:/Program Files/2020.3.12f1/Editor/Data/PlaybackEngines/LinuxStandaloneSupport/UnityEditor.LinuxStandalone.Extensions.dll
Registered in 0.005234 seconds.
Native extension for LinuxStandalone target not found
Native extension for WindowsStandalone target not found
Refreshing native plugins compatible for Editor in 141.22 ms, found 5 plugins.
Preloading 0 native plugins for Editor in 0.00 ms.
Mono: successfully reloaded assembly
- Completed reload, in  3.037 seconds
Platform modules already initialized, skipping
Registering precompiled user dll's ...
Registered in 0.016059 seconds.
Begin MonoManager ReloadAssembly
Native extension for LinuxStandalone target not found
Native extension for WindowsStandalone target not found
Refreshing native plugins compatible for Editor in 149.83 ms, found 5 plugins.
Preloading 0 native plugins for Editor in 0.00 ms.
Mono: successfully reloaded assembly
- Completed reload, in  5.175 seconds
Platform modules already initialized, skipping
========================================================================
Worker process is ready to serve import requests
Shader 'Universal Render Pipeline/Particles/Lit': fallback shader 'Universal Render Pipeline/Particles/SimpleLit' not found
Shader 'Universal Render Pipeline/Particles/Lit': fallback shader 'Universal Render Pipeline/Particles/SimpleLit' not found
Launched and connected shader compiler UnityShaderCompiler.exe after 0.09 seconds
Refreshing native plugins compatible for Editor in 2.23 ms, found 5 plugins.
Preloading 0 native plugins for Editor in 0.00 ms.
Unloading 3438 Unused Serialized files (Serialized files now loaded: 0)
System memory in use before: 155.2 MB.
System memory in use after: 152.7 MB.

Unloading 70 unused Assets to reduce memory usage. Loaded Objects now: 3830.
Total: 5.772700 ms (FindLiveObjects: 0.541700 ms CreateObjectMapping: 0.346800 ms MarkObjects: 3.259900 ms  DeleteObjects: 1.622400 ms)

AssetImportParameters requested are different than current active one (requested -> active):
  custom:framework-win-MediaFoundation: 216162199b28c13a410421893ffa2e32 -> 
  custom:video-decoder-ogg-theora: a1e56fd34408186e4bbccfd4996cb3dc -> 
  custom:container-muxer-webm: aa71ff27fc2769a1b78a27578f13a17b -> 
  custom:container-demuxer-webm: 4f35f7cbe854078d1ac9338744f61a02 -> 
  custom:container-demuxer-ogg: 62fdf1f143b41e24485cea50d1cbac27 -> 
  custom:video-encoder-webm-vp8: eb34c28f22e8b96e1ab97ce403110664 -> 
  custom:video-decoder-webm-vp8: 9c59270c3fd7afecdb556c50c9e8de78 -> 
  custom:audio-decoder-ogg-vorbis: bf7c407c2cedff20999df2af8eb42d56 -> 
  custom:audio-encoder-webm-vorbis: bf7c407c2cedff20999df2af8eb42d56 -> 
========================================================================
Received Import Request.
  path: Assets/Bike/perceptionscene
  artifactKey: Guid(de1c84667e911e8479d07d89e1aa6057) Importer(815301076,1909f56bfc062723c751e8b465ee728b)
Start importing Assets/Bike/perceptionscene using Guid(de1c84667e911e8479d07d89e1aa6057) Importer(815301076,1909f56bfc062723c751e8b465ee728b)  -> (artifact id: 'ed78d5d491db6b3f3548cdd0df80493e') in 0.008642 seconds 
  Import took 0.017651 seconds .

========================================================================
Received Import Request.
  Time since last request: 363.552219 seconds.
  path: Assets/Bike/perceptionscene/Main Camera.prefab
  artifactKey: Guid(9d79660f1b53c5b478a7011a4efe14a7) Importer(815301076,1909f56bfc062723c751e8b465ee728b)
Start importing Assets/Bike/perceptionscene/Main Camera.prefab using Guid(9d79660f1b53c5b478a7011a4efe14a7) Importer(815301076,1909f56bfc062723c751e8b465ee728b)  -> (artifact id: 'de8a146caafb9e35cb20b37c4d64627a') in 0.195385 seconds 
  Import took 0.204473 seconds .

========================================================================
Received Import Request.
  Time since last request: 1.213885 seconds.
  path: Assets/Bike/perceptionscene/Directional Light (2).prefab
  artifactKey: Guid(5273f703898a1a54480eea73e6e85b55) Importer(815301076,1909f56bfc062723c751e8b465ee728b)
Start importing Assets/Bike/perceptionscene/Directional Light (2).prefab using Guid(5273f703898a1a54480eea73e6e85b55) Importer(815301076,1909f56bfc062723c751e8b465ee728b)  -> (artifact id: '19447e9d50ff05975ecc4f9d6bd9953a') in 0.008695 seconds 
  Import took 0.021689 seconds .

========================================================================
Received Import Request.
  Time since last request: 1.262691 seconds.
  path: Assets/Bike/perceptionscene/Directional Light.prefab
  artifactKey: Guid(64c7038920b38254c95e70a4f6557535) Importer(815301076,1909f56bfc062723c751e8b465ee728b)
Start importing Assets/Bike/perceptionscene/Directional Light.prefab using Guid(64c7038920b38254c95e70a4f6557535) Importer(815301076,1909f56bfc062723c751e8b465ee728b)  -> (artifact id: '85af3e85fb5c9dee45cad9978d68a111') in 0.007928 seconds 
  Import took 0.019445 seconds .

========================================================================
Received Import Request.
  Time since last request: 1.443365 seconds.
  path: Assets/Bike/perceptionscene/No Lighting.prefab
  artifactKey: Guid(d84a4a75c9aaeff4e8985660270760fa) Importer(815301076,1909f56bfc062723c751e8b465ee728b)
Start importing Assets/Bike/perceptionscene/No Lighting.prefab using Guid(d84a4a75c9aaeff4e8985660270760fa) Importer(815301076,1909f56bfc062723c751e8b465ee728b)  -> (artifact id: '5a45f2038edab9225e86f3add8f21254') in 0.201343 seconds 
  Import took 0.215263 seconds .

========================================================================
Received Import Request.
  Time since last request: 0.068756 seconds.
  path: Assets/Bike/perceptionscene/No Lighting.prefab
  artifactKey: Guid(d84a4a75c9aaeff4e8985660270760fa) Importer(815301076,1909f56bfc062723c751e8b465ee728b)
Start importing Assets/Bike/perceptionscene/No Lighting.prefab using Guid(d84a4a75c9aaeff4e8985660270760fa) Importer(815301076,1909f56bfc062723c751e8b465ee728b)  -> (artifact id: '5a45f2038edab9225e86f3add8f21254') in 0.132565 seconds 
  Import took 0.147578 seconds .

========================================================================
Received Import Request.
  Time since last request: 0.771115 seconds.
  path: Assets/Bike/perceptionscene/With Lighting.prefab
  artifactKey: Guid(008323da6f2d6934aa7aad5eabcfe603) Importer(815301076,1909f56bfc062723c751e8b465ee728b)
Start importing Assets/Bike/perceptionscene/With Lighting.prefab using Guid(008323da6f2d6934aa7aad5eabcfe603) Importer(815301076,1909f56bfc062723c751e8b465ee728b)  -> (artifact id: 'b948249fabb5f8b2683510140b732061') in 0.172203 seconds 
  Import took 0.187719 seconds .

========================================================================
Received Import Request.
  Time since last request: 0.038353 seconds.
  path: Assets/Bike/perceptionscene/With Lighting.prefab
  artifactKey: Guid(008323da6f2d6934aa7aad5eabcfe603) Importer(815301076,1909f56bfc062723c751e8b465ee728b)
Start importing Assets/Bike/perceptionscene/With Lighting.prefab using Guid(008323da6f2d6934aa7aad5eabcfe603) Importer(815301076,1909f56bfc062723c751e8b465ee728b)  -> (artifact id: 'b948249fabb5f8b2683510140b732061') in 0.145152 seconds 
  Import took 0.158067 seconds .

========================================================================
Received Import Request.
  Time since last request: 6.705555 seconds.
  path: Assets/Bike/perceptionscene/Directional Light (1).prefab
  artifactKey: Guid(e09f6c5ca9092af4288a697dc9fcb1dc) Importer(815301076,1909f56bfc062723c751e8b465ee728b)
Start importing Assets/Bike/perceptionscene/Directional Light (1).prefab using Guid(e09f6c5ca9092af4288a697dc9fcb1dc) Importer(815301076,1909f56bfc062723c751e8b465ee728b)  -> (artifact id: '74c6f79862aa0f017c9977baad2eb150') in 0.007855 seconds 
  Import took 0.018273 seconds .

========================================================================
Received Import Request.
  Time since last request: 19.510576 seconds.
  path: Assets/Scenes/Tutorial Scene.unity
  artifactKey: Guid(e3575b4c5a5e21348bef2db721beb827) Importer(815301076,1909f56bfc062723c751e8b465ee728b)
Start importing Assets/Scenes/Tutorial Scene.unity using Guid(e3575b4c5a5e21348bef2db721beb827) Importer(815301076,1909f56bfc062723c751e8b465ee728b)  -> (artifact id: '4c27a72a5341fec92e3219c2e697229f') in 0.003871 seconds 
  Import took 0.016676 seconds .

========================================================================
Received Import Request.
  Time since last request: 14.196811 seconds.
  path: Assets/Scenes/Realistic.unity
  artifactKey: Guid(e3575b4c5a5e21348bef2db721beb827) Importer(815301076,1909f56bfc062723c751e8b465ee728b)
Start importing Assets/Scenes/Realistic.unity using Guid(e3575b4c5a5e21348bef2db721beb827) Importer(815301076,1909f56bfc062723c751e8b465ee728b)  -> (artifact id: '9af9a18de636a931b87673976f6b9e02') in 0.004255 seconds 
  Import took 0.016115 seconds .

========================================================================
Received Import Request.
  Time since last request: 22.495303 seconds.
  path: Assets/Scenes/Realistic Datagen.unity
  artifactKey: Guid(e3575b4c5a5e21348bef2db721beb827) Importer(815301076,1909f56bfc062723c751e8b465ee728b)
Start importing Assets/Scenes/Realistic Datagen.unity using Guid(e3575b4c5a5e21348bef2db721beb827) Importer(815301076,1909f56bfc062723c751e8b465ee728b)  -> (artifact id: 'd5510b3c0a3ee538b536c2224d184039') in 0.003541 seconds 
  Import took 0.018956 seconds .

========================================================================
Received Import Request.
  Time since last request: 0.002689 seconds.
  path: Assets/Scenes/Realistic Datagen.unity
  artifactKey: Guid(e3575b4c5a5e21348bef2db721beb827) Importer(815301076,1909f56bfc062723c751e8b465ee728b)
Start importing Assets/Scenes/Realistic Datagen.unity using Guid(e3575b4c5a5e21348bef2db721beb827) Importer(815301076,1909f56bfc062723c751e8b465ee728b)  -> (artifact id: 'd5510b3c0a3ee538b536c2224d184039') in 0.002806 seconds 
  Import took 0.016655 seconds .

========================================================================
Received Import Request.
  Time since last request: 68.750698 seconds.
  path: Assets/Scenes/Randomized Datagen.unity
  artifactKey: Guid(bfff05406055b844695086aec70037eb) Importer(815301076,1909f56bfc062723c751e8b465ee728b)
Start importing Assets/Scenes/Randomized Datagen.unity using Guid(bfff05406055b844695086aec70037eb) Importer(815301076,1909f56bfc062723c751e8b465ee728b)  -> (artifact id: '128989ee0da1a9b66a8ad953c9039f91') in 0.005219 seconds 
  Import took 0.014478 seconds .

========================================================================
Received Import Request.
  Time since last request: 8.656531 seconds.
  path: Assets/Bike/Materials/matte zinc-4.mat
  artifactKey: Guid(5826fa39eac1ece46a9350f217232861) Importer(815301076,1909f56bfc062723c751e8b465ee728b)
Start importing Assets/Bike/Materials/matte zinc-4.mat using Guid(5826fa39eac1ece46a9350f217232861) Importer(815301076,1909f56bfc062723c751e8b465ee728b)  -> (artifact id: '1f4169db461f131b10b36fbfd249938b') in 0.315185 seconds 
  Import took 0.325161 seconds .

========================================================================
Received Import Request.
  Time since last request: 0.000350 seconds.
  path: Assets/Bike/Materials/polished nickel.mat
  artifactKey: Guid(b72feb39415cf594799fb64d57764260) Importer(815301076,1909f56bfc062723c751e8b465ee728b)
Start importing Assets/Bike/Materials/polished nickel.mat using Guid(b72feb39415cf594799fb64d57764260) Importer(815301076,1909f56bfc062723c751e8b465ee728b)  -> (artifact id: '33ab28a3c18b392a2fd45b2433f1be3b') in 0.015344 seconds 
  Import took 0.025444 seconds .

========================================================================
Received Import Request.
  Time since last request: 0.000366 seconds.
  path: Assets/Bike/Materials/polished bronze.mat
  artifactKey: Guid(093b8460bff837e41bf64ba390b5489f) Importer(815301076,1909f56bfc062723c751e8b465ee728b)
Start importing Assets/Bike/Materials/polished bronze.mat using Guid(093b8460bff837e41bf64ba390b5489f) Importer(815301076,1909f56bfc062723c751e8b465ee728b)  -> (artifact id: '25e7a2b4aff29c4c2d81faf677e85d3e') in 0.019386 seconds 
  Import took 0.029522 seconds .

========================================================================
Received Prepare
Registering precompiled user dll's ...
Registered in 0.010981 seconds.
Begin MonoManager ReloadAssembly
Native extension for LinuxStandalone target not found
Native extension for WindowsStandalone target not found
Refreshing native plugins compatible for Editor in 1.23 ms, found 5 plugins.
Preloading 0 native plugins for Editor in 0.00 ms.
Mono: successfully reloaded assembly
- Completed reload, in  6.792 seconds
Platform modules already initialized, skipping
Shader 'Universal Render Pipeline/Particles/Lit': fallback shader 'Universal Render Pipeline/Particles/SimpleLit' not found
Shader 'Universal Render Pipeline/Particles/Lit': fallback shader 'Universal Render Pipeline/Particles/SimpleLit' not found
Refreshing native plugins compatible for Editor in 1.30 ms, found 5 plugins.
Preloading 0 native plugins for Editor in 0.00 ms.
Unloading 3349 Unused Serialized files (Serialized files now loaded: 0)
System memory in use before: 156.0 MB.
System memory in use after: 153.5 MB.

Unloading 65 unused Assets to reduce memory usage. Loaded Objects now: 3913.
Total: 7.500900 ms (FindLiveObjects: 0.579100 ms CreateObjectMapping: 0.352200 ms MarkObjects: 4.651400 ms  DeleteObjects: 1.916100 ms)

AssetImportParameters requested are different than current active one (requested -> active):
  custom:framework-win-MediaFoundation: 216162199b28c13a410421893ffa2e32 -> 
  custom:video-decoder-ogg-theora: a1e56fd34408186e4bbccfd4996cb3dc -> 
  custom:container-muxer-webm: aa71ff27fc2769a1b78a27578f13a17b -> 
  custom:container-demuxer-webm: 4f35f7cbe854078d1ac9338744f61a02 -> 
  custom:container-demuxer-ogg: 62fdf1f143b41e24485cea50d1cbac27 -> 
  custom:video-encoder-webm-vp8: eb34c28f22e8b96e1ab97ce403110664 -> 
  custom:video-decoder-webm-vp8: 9c59270c3fd7afecdb556c50c9e8de78 -> 
  custom:audio-decoder-ogg-vorbis: bf7c407c2cedff20999df2af8eb42d56 -> 
  custom:audio-encoder-webm-vorbis: bf7c407c2cedff20999df2af8eb42d56 -> 
========================================================================
Received Import Request.
  Time since last request: 147.471993 seconds.
  path: Assets/Settings/SampleSceneProfile.asset
  artifactKey: Guid(10fc4df2da32a41aaa32d77bc913491c) Importer(815301076,1909f56bfc062723c751e8b465ee728b)
Start importing Assets/Settings/SampleSceneProfile.asset using Guid(10fc4df2da32a41aaa32d77bc913491c) Importer(815301076,1909f56bfc062723c751e8b465ee728b)  -> (artifact id: 'd2b3f476ab718b1cf20d183dd9addfe7') in 0.037710 seconds 
  Import took 0.047352 seconds .

========================================================================
Received Import Request.
  Time since last request: 0.000302 seconds.
  path: Assets/Settings/UniversalRP-LowQuality.asset
  artifactKey: Guid(a31e9f9f9c9d4b9429ed0d1234e22103) Importer(815301076,1909f56bfc062723c751e8b465ee728b)
Start importing Assets/Settings/UniversalRP-LowQuality.asset using Guid(a31e9f9f9c9d4b9429ed0d1234e22103) Importer(815301076,1909f56bfc062723c751e8b465ee728b)  -> (artifact id: 'b226a0bb157262eadf686f6bb5b5f1f8') in 0.003438 seconds 
  Import took 0.009992 seconds .

========================================================================
Received Import Request.
  Time since last request: 0.000410 seconds.
  path: Assets/Settings/UniversalRP-MediumQuality.asset
  artifactKey: Guid(d847b876476d3d6468f5dfcd34266f96) Importer(815301076,1909f56bfc062723c751e8b465ee728b)
Start importing Assets/Settings/UniversalRP-MediumQuality.asset using Guid(d847b876476d3d6468f5dfcd34266f96) Importer(815301076,1909f56bfc062723c751e8b465ee728b)  -> (artifact id: 'd421f548a6507a11f25ec3578746e9c1') in 0.004279 seconds 
  Import took 0.013228 seconds .

========================================================================
Received Import Request.
  Time since last request: 0.000314 seconds.
  path: Assets/Settings/UniversalRP-HighQuality.asset
  artifactKey: Guid(19ba41d7c0026c3459d37c2fe90c55a0) Importer(815301076,1909f56bfc062723c751e8b465ee728b)
Start importing Assets/Settings/UniversalRP-HighQuality.asset using Guid(19ba41d7c0026c3459d37c2fe90c55a0) Importer(815301076,1909f56bfc062723c751e8b465ee728b)  -> (artifact id: '02e18c1f933b70f494440bf5e7626866') in 0.004542 seconds 
  Import took 0.012542 seconds .

========================================================================
Received Import Request.
  Time since last request: 0.000410 seconds.
  path: Assets/Settings/ForwardRenderer.asset
  artifactKey: Guid(4a8e21d5c33334b11b34a596161b9360) Importer(815301076,1909f56bfc062723c751e8b465ee728b)
Start importing Assets/Settings/ForwardRenderer.asset using Guid(4a8e21d5c33334b11b34a596161b9360) Importer(815301076,1909f56bfc062723c751e8b465ee728b)  -> (artifact id: '41791c0f6c5e9a9817c78971f1ea2909') in 0.004400 seconds 
  Import took 0.013771 seconds .

========================================================================
Received Import Request.
  Time since last request: 1008.890459 seconds.
  path: Assets/Scenes/Realistic Datagen.unity
  artifactKey: Guid(e3575b4c5a5e21348bef2db721beb827) Importer(815301076,1909f56bfc062723c751e8b465ee728b)
Start importing Assets/Scenes/Realistic Datagen.unity using Guid(e3575b4c5a5e21348bef2db721beb827) Importer(815301076,1909f56bfc062723c751e8b465ee728b)  -> (artifact id: '664ca9f73388dd9c2dc6e1d34145af91') in 0.006924 seconds 
  Import took 0.025106 seconds .

========================================================================
Received Import Request.
  Time since last request: 0.578982 seconds.
  path: Assets/Scenes/Randomized Datagen.unity
  artifactKey: Guid(bfff05406055b844695086aec70037eb) Importer(815301076,1909f56bfc062723c751e8b465ee728b)
Start importing Assets/Scenes/Randomized Datagen.unity using Guid(bfff05406055b844695086aec70037eb) Importer(815301076,1909f56bfc062723c751e8b465ee728b)  -> (artifact id: '14553a9af526ed54238dfc49eff5e141') in 0.004897 seconds 
  Import took 0.020543 seconds .

========================================================================
Received Prepare
Registering precompiled user dll's ...
Registered in 0.021233 seconds.
Begin MonoManager ReloadAssembly
Native extension for LinuxStandalone target not found
Native extension for WindowsStandalone target not found
Refreshing native plugins compatible for Editor in 0.96 ms, found 5 plugins.
Preloading 0 native plugins for Editor in 0.00 ms.
Mono: successfully reloaded assembly
- Completed reload, in  5.103 seconds
Platform modules already initialized, skipping
Shader 'Universal Render Pipeline/Particles/Lit': fallback shader 'Universal Render Pipeline/Particles/SimpleLit' not found
Shader 'Universal Render Pipeline/Particles/Lit': fallback shader 'Universal Render Pipeline/Particles/SimpleLit' not found
Refreshing native plugins compatible for Editor in 2.02 ms, found 5 plugins.
Preloading 0 native plugins for Editor in 0.00 ms.
Unloading 3351 Unused Serialized files (Serialized files now loaded: 0)
System memory in use before: 156.1 MB.
System memory in use after: 153.6 MB.

Unloading 65 unused Assets to reduce memory usage. Loaded Objects now: 3921.
Total: 25.526100 ms (FindLiveObjects: 0.993000 ms CreateObjectMapping: 0.484600 ms MarkObjects: 20.255400 ms  DeleteObjects: 3.788000 ms)

AssetImportParameters requested are different than current active one (requested -> active):
  custom:framework-win-MediaFoundation: 216162199b28c13a410421893ffa2e32 -> 
  custom:video-decoder-ogg-theora: a1e56fd34408186e4bbccfd4996cb3dc -> 
  custom:container-muxer-webm: aa71ff27fc2769a1b78a27578f13a17b -> 
  custom:container-demuxer-webm: 4f35f7cbe854078d1ac9338744f61a02 -> 
  custom:container-demuxer-ogg: 62fdf1f143b41e24485cea50d1cbac27 -> 
  custom:video-encoder-webm-vp8: eb34c28f22e8b96e1ab97ce403110664 -> 
  custom:video-decoder-webm-vp8: 9c59270c3fd7afecdb556c50c9e8de78 -> 
  custom:audio-decoder-ogg-vorbis: bf7c407c2cedff20999df2af8eb42d56 -> 
  custom:audio-encoder-webm-vorbis: bf7c407c2cedff20999df2af8eb42d56 -> 
